<?xml version="1.0" encoding="UTF-8"?>
<testng-results skipped="0" failed="0" ignored="0" total="1" passed="1">
  <reporter-output>
  </reporter-output>
  <suite name="Command line suite" duration-ms="5" started-at="2018-06-14T19:34:14Z" finished-at="2018-06-14T19:34:14Z">
    <groups>
    </groups>
    <test name="Command line test" duration-ms="5" started-at="2018-06-14T19:34:14Z" finished-at="2018-06-14T19:34:14Z">
      <class name="com.breakit2makeit.cucumberFrameWork.AppTest">
        <test-method status="PASS" signature="testApp()[pri:0, instance:testApp(com.breakit2makeit.cucumberFrameWork.AppTest)]" name="testApp" duration-ms="0" started-at="2018-06-14T19:34:14Z" finished-at="2018-06-14T19:34:14Z">
          <reporter-output>
          </reporter-output>
        </test-method> <!-- testApp -->
      </class> <!-- com.breakit2makeit.cucumberFrameWork.AppTest -->
    </test> <!-- Command line test -->
  </suite> <!-- Command line suite -->
</testng-results>
