<?xml version="1.0" encoding="UTF-8"?>
<!-- Generated by org.testng.reporters.JUnitXMLReporter -->
<testsuite hostname="DBMIADM-UT7E3RA" ignored="0" name="Default test" tests="2" failures="0" timestamp="22 Jun 2018 21:35:50 GMT" time="108.339" errors="0">
  <testcase name="runScenario" time="19.409" classname="cucumber.api.testng.AbstractTestNGCucumberTests">
    <skipped/>
  </testcase> <!-- runScenario -->
  <testcase name="runScenario" time="87.154" classname="cucumber.api.testng.AbstractTestNGCucumberTests">
    <skipped/>
  </testcase> <!-- runScenario -->
</testsuite> <!-- Default test -->
