<?xml version="1.0" encoding="UTF-8"?>
<testng-results skipped="0" failed="0" ignored="0" total="1" passed="1">
  <reporter-output>
  </reporter-output>
  <suite name="com.breakit2makeit.cucumberFrameWork.TestBase" duration-ms="52478" started-at="2018-06-18T19:24:29Z" finished-at="2018-06-18T19:25:21Z">
    <groups>
    </groups>
    <test name="Command line test" duration-ms="52478" started-at="2018-06-18T19:24:29Z" finished-at="2018-06-18T19:25:21Z">
      <class name="com.breakit2makeit.cucumberFrameWork.TestBase">
        <test-method status="PASS" signature="beforeMethod()[pri:0, instance:com.breakit2makeit.cucumberFrameWork.TestBase@6e75aa0d]" name="beforeMethod" is-config="true" duration-ms="7519" started-at="2018-06-18T19:24:29Z" finished-at="2018-06-18T19:24:36Z">
          <reporter-output>
          </reporter-output>
        </test-method> <!-- beforeMethod -->
        <test-method status="PASS" signature="testBase()[pri:0, instance:com.breakit2makeit.cucumberFrameWork.TestBase@6e75aa0d]" name="testBase" duration-ms="44149" started-at="2018-06-18T19:24:36Z" finished-at="2018-06-18T19:25:20Z">
          <reporter-output>
          </reporter-output>
        </test-method> <!-- testBase -->
        <test-method status="PASS" signature="afterMethod()[pri:0, instance:com.breakit2makeit.cucumberFrameWork.TestBase@6e75aa0d]" name="afterMethod" is-config="true" duration-ms="791" started-at="2018-06-18T19:25:21Z" finished-at="2018-06-18T19:25:21Z">
          <reporter-output>
          </reporter-output>
        </test-method> <!-- afterMethod -->
      </class> <!-- com.breakit2makeit.cucumberFrameWork.TestBase -->
    </test> <!-- Command line test -->
  </suite> <!-- com.breakit2makeit.cucumberFrameWork.TestBase -->
</testng-results>
