<?xml version="1.0" encoding="UTF-8"?>
<testng-results skipped="2" failed="0" ignored="0" total="2" passed="0">
  <reporter-output>
    <line>
      <![CDATA[<div "result">the user is on the home page (PASSED : 19s)</div>]]>
    </line>
    <line>
      <![CDATA[<div "result">scroll down to the message box (FAILED : 0s)</div>]]>
    </line>
    <line>
      <![CDATA[<div "result">user enter name (SKIPPED)</div>]]>
    </line>
    <line>
      <![CDATA[<div "result">enter email id (SKIPPED)</div>]]>
    </line>
    <line>
      <![CDATA[<div "result">enter subject (SKIPPED)</div>]]>
    </line>
    <line>
      <![CDATA[<div "result">enter message (SKIPPED)</div>]]>
    </line>
    <line>
      <![CDATA[<div "result">click on send (SKIPPED)</div>]]>
    </line>
    <line>
      <![CDATA[<div "result">User getsa a confirmaton message (SKIPPED)</div>]]>
    </line>
    <line>
      <![CDATA[<div "result">the user is on the home page (PASSED : 87s)</div>]]>
    </line>
    <line>
      <![CDATA[<div "result">scroll down to the message box (FAILED : 0s)</div>]]>
    </line>
    <line>
      <![CDATA[<div "result">user enter no name (SKIPPED)</div>]]>
    </line>
    <line>
      <![CDATA[<div "result">enter no email id (SKIPPED)</div>]]>
    </line>
    <line>
      <![CDATA[<div "result">enter no subject (SKIPPED)</div>]]>
    </line>
    <line>
      <![CDATA[<div "result">click on invalid send (SKIPPED)</div>]]>
    </line>
    <line>
      <![CDATA[<div "result">User gets a warning message (SKIPPED)</div>]]>
    </line>
  </reporter-output>
  <suite name="Default suite" duration-ms="108339" started-at="2018-06-22T21:33:59Z" finished-at="2018-06-22T21:35:48Z">
    <groups>
      <group name="cucumber">
        <method signature="AbstractTestNGCucumberTests.runScenario(cucumber.api.testng.PickleEventWrapper, cucumber.api.testng.CucumberFeatureWrapper)[pri:0, instance:tests.TestRun@2a17b7b6]" name="runScenario" class="cucumber.api.testng.AbstractTestNGCucumberTests"/>
      </group> <!-- cucumber -->
    </groups>
    <test name="Default test" duration-ms="108339" started-at="2018-06-22T21:33:59Z" finished-at="2018-06-22T21:35:48Z">
      <class name="tests.TestRun">
        <test-method status="PASS" signature="setUpClass()[pri:0, instance:tests.TestRun@2a17b7b6]" name="setUpClass" is-config="true" duration-ms="265" started-at="2018-06-22T21:33:59Z" finished-at="2018-06-22T21:34:00Z">
          <reporter-output>
          </reporter-output>
        </test-method> <!-- setUpClass -->
        <test-method status="SKIP" signature="runScenario(cucumber.api.testng.PickleEventWrapper, cucumber.api.testng.CucumberFeatureWrapper)[pri:0, instance:tests.TestRun@2a17b7b6]" name="runScenario" duration-ms="19409" started-at="2018-06-22T21:34:00Z" description="Runs Cucumber Scenarios" data-provider="scenarios" finished-at="2018-06-22T21:34:19Z">
          <params>
            <param index="0">
              <value>
                <![CDATA["Test valid message submission on homepage"]]>
              </value>
            </param>
            <param index="1">
              <value>
                <![CDATA["Testin Home page applications"]]>
              </value>
            </param>
          </params>
          <exception class="java.lang.NullPointerException">
            <full-stacktrace>
              <![CDATA[java.lang.NullPointerException
at stepdefinition.TestHomePage.scroll_down_to_the_message_box(TestHomePage.java:51)
at ✽.scroll down to the message box(src/test/java/feature/homepage.feature:26)
]]>
            </full-stacktrace>
          </exception> <!-- java.lang.NullPointerException -->
          <reporter-output>
            <line>
              <![CDATA[<div "result">the user is on the home page (PASSED : 19s)</div>]]>
            </line>
            <line>
              <![CDATA[<div "result">scroll down to the message box (FAILED : 0s)</div>]]>
            </line>
            <line>
              <![CDATA[<div "result">user enter name (SKIPPED)</div>]]>
            </line>
            <line>
              <![CDATA[<div "result">enter email id (SKIPPED)</div>]]>
            </line>
            <line>
              <![CDATA[<div "result">enter subject (SKIPPED)</div>]]>
            </line>
            <line>
              <![CDATA[<div "result">enter message (SKIPPED)</div>]]>
            </line>
            <line>
              <![CDATA[<div "result">click on send (SKIPPED)</div>]]>
            </line>
            <line>
              <![CDATA[<div "result">User getsa a confirmaton message (SKIPPED)</div>]]>
            </line>
          </reporter-output>
        </test-method> <!-- runScenario -->
        <test-method status="SKIP" signature="runScenario(cucumber.api.testng.PickleEventWrapper, cucumber.api.testng.CucumberFeatureWrapper)[pri:0, instance:tests.TestRun@2a17b7b6]" name="runScenario" duration-ms="87154" started-at="2018-06-22T21:34:19Z" description="Runs Cucumber Scenarios" data-provider="scenarios" finished-at="2018-06-22T21:35:46Z">
          <params>
            <param index="0">
              <value>
                <![CDATA["Test invalid message submission on homepage"]]>
              </value>
            </param>
            <param index="1">
              <value>
                <![CDATA["Testin Home page applications"]]>
              </value>
            </param>
          </params>
          <exception class="java.lang.NullPointerException">
            <full-stacktrace>
              <![CDATA[java.lang.NullPointerException
at stepdefinition.TestHomePage.scroll_down_to_the_message_box(TestHomePage.java:51)
at ✽.scroll down to the message box(src/test/java/feature/homepage.feature:37)
]]>
            </full-stacktrace>
          </exception> <!-- java.lang.NullPointerException -->
          <reporter-output>
            <line>
              <![CDATA[<div "result">the user is on the home page (PASSED : 87s)</div>]]>
            </line>
            <line>
              <![CDATA[<div "result">scroll down to the message box (FAILED : 0s)</div>]]>
            </line>
            <line>
              <![CDATA[<div "result">user enter no name (SKIPPED)</div>]]>
            </line>
            <line>
              <![CDATA[<div "result">enter no email id (SKIPPED)</div>]]>
            </line>
            <line>
              <![CDATA[<div "result">enter no subject (SKIPPED)</div>]]>
            </line>
            <line>
              <![CDATA[<div "result">click on invalid send (SKIPPED)</div>]]>
            </line>
            <line>
              <![CDATA[<div "result">User gets a warning message (SKIPPED)</div>]]>
            </line>
          </reporter-output>
        </test-method> <!-- runScenario -->
        <test-method status="PASS" signature="tearDownClass()[pri:0, instance:tests.TestRun@2a17b7b6]" name="tearDownClass" is-config="true" duration-ms="995" started-at="2018-06-22T21:35:46Z" finished-at="2018-06-22T21:35:47Z">
          <reporter-output>
          </reporter-output>
        </test-method> <!-- tearDownClass -->
      </class> <!-- tests.TestRun -->
    </test> <!-- Default test -->
  </suite> <!-- Default suite -->
</testng-results>
